<?xml version="1.0" encoding="UTF-8"?>
<!-- Generated by org.testng.reporters.JUnitReportReporter -->
<testsuite hostname="LAPTOP-8TP6OQIJ" failures="0" tests="2" name="com.TestCases.registerTestCases" time="15.365" errors="0" timestamp="2024-02-05T08:01:27 IST" skipped="0">
  <testcase classname="com.TestCases.registerTestCases" name="verifyValidRegisteration" time="7.773"/>
  <testcase classname="com.TestCases.registerTestCases" name="verifyInValidRegisteration" time="7.592"/>
</testsuite> <!-- com.TestCases.registerTestCases -->
