<?xml version="1.0" encoding="UTF-8"?>
<!-- Generated by org.testng.reporters.JUnitReportReporter -->
<testsuite hostname="LAPTOP-8TP6OQIJ" failures="0" tests="1" name="com.TestCases.productCartTestCases" time="5.701" errors="0" timestamp="2024-02-05T08:01:27 IST" skipped="0">
  <testcase classname="com.TestCases.productCartTestCases" name="verifyProductPrice" time="5.701"/>
</testsuite> <!-- com.TestCases.productCartTestCases -->
